# JRE version: OpenJDK Runtime Environment (17.0.9) (build 17.0.9+0--11185874)
# Java VM: OpenJDK 64-Bit Server VM (17.0.9+0--11185874, mixed mode, tiered, compressed oops, compressed class ptrs, g1 gc, windows-amd64)
GC Precious Log:
 CPUs: 8 total, 8 available
 Memory: 16221M
 Large Page Support: Disabled
 NUMA Support: Disabled
 Compressed Oops: Enabled (32-bit)
 Heap Region Size: 1M
 Heap Min Capacity: 8M
 Heap Initial Capacity: 254M
 Heap Max Capacity: 2G
 Pre-touch: Disabled
 Parallel Workers: 8
 Concurrent Workers: 2
 Concurrent Refinement Workers: 8
 Periodic GC: Disabled
Heap:
 garbage-first heap   total 260096K, used 104798K [0x0000000080000000, 0x0000000100000000)
  region size 1024K, 7 young (7168K), 7 survivors (7168K)
 Metaspace       used 107089K, committed 107840K, reserved 1179648K
  class space    used 14429K, committed 14784K, reserved 1048576K
GC Heap History (20 events):
Event: 7.557 GC heap after
{Heap after GC invocations=31 (full 0):
 garbage-first heap   total 180224K, used 68374K [0x0000000080000000, 0x0000000100000000)
  region size 1024K, 4 young (4096K), 4 survivors (4096K)
 Metaspace       used 89128K, committed 89728K, reserved 1179648K
  class space    used 12370K, committed 12672K, reserved 1048576K
}
Event: 8.115 GC heap before
{Heap before GC invocations=31 (full 0):
 garbage-first heap   total 180224K, used 146198K [0x0000000080000000, 0x0000000100000000)
  region size 1024K, 76 young (77824K), 4 survivors (4096K)
 Metaspace       used 95526K, committed 96192K, reserved 1179648K
  class space    used 13134K, committed 13440K, reserved 1048576K
}
Event: 8.122 GC heap after
{Heap after GC invocations=32 (full 0):
 garbage-first heap   total 180224K, used 75078K [0x0000000080000000, 0x0000000100000000)
  region size 1024K, 10 young (10240K), 10 survivors (10240K)
 Metaspace       used 95526K, committed 96192K, reserved 1179648K
  class space    used 13134K, committed 13440K, reserved 1048576K
}
Event: 8.517 GC heap before
{Heap before GC invocations=32 (full 0):
 garbage-first heap   total 180224K, used 141638K [0x0000000080000000, 0x0000000100000000)
  region size 1024K, 76 young (77824K), 10 survivors (10240K)
 Metaspace       used 97058K, committed 97792K, reserved 1179648K
  class space    used 13415K, committed 13760K, reserved 1048576K
}
Event: 8.525 GC heap after
{Heap after GC invocations=33 (full 0):
 garbage-first heap   total 180224K, used 83117K [0x0000000080000000, 0x0000000100000000)
  region size 1024K, 8 young (8192K), 8 survivors (8192K)
 Metaspace       used 97058K, committed 97792K, reserved 1179648K
  class space    used 13415K, committed 13760K, reserved 1048576K
}
Event: 9.027 GC heap before
{Heap before GC invocations=33 (full 0):
 garbage-first heap   total 180224K, used 144557K [0x0000000080000000, 0x0000000100000000)
  region size 1024K, 66 young (67584K), 8 survivors (8192K)
 Metaspace       used 99059K, committed 99776K, reserved 1179648K
  class space    used 13636K, committed 14016K, reserved 1048576K
}
Event: 9.035 GC heap after
{Heap after GC invocations=34 (full 0):
 garbage-first heap   total 180224K, used 98480K [0x0000000080000000, 0x0000000100000000)
  region size 1024K, 9 young (9216K), 9 survivors (9216K)
 Metaspace       used 99059K, committed 99776K, reserved 1179648K
  class space    used 13636K, committed 14016K, reserved 1048576K
}
Event: 9.232 GC heap before
{Heap before GC invocations=34 (full 0):
 garbage-first heap   total 180224K, used 136368K [0x0000000080000000, 0x0000000100000000)
  region size 1024K, 47 young (48128K), 9 survivors (9216K)
 Metaspace       used 99591K, committed 100352K, reserved 1179648K
  class space    used 13717K, committed 14080K, reserved 1048576K
}
Event: 9.243 GC heap after
{Heap after GC invocations=35 (full 0):
 garbage-first heap   total 227328K, used 116012K [0x0000000080000000, 0x0000000100000000)
  region size 1024K, 6 young (6144K), 6 survivors (6144K)
 Metaspace       used 99591K, committed 100352K, reserved 1179648K
  class space    used 13717K, committed 14080K, reserved 1048576K
}
Event: 9.785 GC heap before
{Heap before GC invocations=36 (full 0):
 garbage-first heap   total 227328K, used 159020K [0x0000000080000000, 0x0000000100000000)
  region size 1024K, 49 young (50176K), 6 survivors (6144K)
 Metaspace       used 100018K, committed 100736K, reserved 1179648K
  class space    used 13736K, committed 14080K, reserved 1048576K
}
Event: 9.793 GC heap after
{Heap after GC invocations=37 (full 0):
 garbage-first heap   total 227328K, used 121682K [0x0000000080000000, 0x0000000100000000)
  region size 1024K, 4 young (4096K), 4 survivors (4096K)
 Metaspace       used 100018K, committed 100736K, reserved 1179648K
  class space    used 13736K, committed 14080K, reserved 1048576K
}
Event: 9.825 GC heap before
{Heap before GC invocations=37 (full 0):
 garbage-first heap   total 227328K, used 128850K [0x0000000080000000, 0x0000000100000000)
  region size 1024K, 11 young (11264K), 4 survivors (4096K)
 Metaspace       used 100038K, committed 100736K, reserved 1179648K
  class space    used 13737K, committed 14080K, reserved 1048576K
}
Event: 9.830 GC heap after
{Heap after GC invocations=38 (full 0):
 garbage-first heap   total 227328K, used 121509K [0x0000000080000000, 0x0000000100000000)
  region size 1024K, 1 young (1024K), 1 survivors (1024K)
 Metaspace       used 100038K, committed 100736K, reserved 1179648K
  class space    used 13737K, committed 14080K, reserved 1048576K
}
Event: 10.074 GC heap before
{Heap before GC invocations=38 (full 0):
 garbage-first heap   total 227328K, used 165541K [0x0000000080000000, 0x0000000100000000)
  region size 1024K, 45 young (46080K), 1 survivors (1024K)
 Metaspace       used 100139K, committed 100800K, reserved 1179648K
  class space    used 13742K, committed 14080K, reserved 1048576K
}
Event: 10.078 GC heap after
{Heap after GC invocations=39 (full 0):
 garbage-first heap   total 227328K, used 124860K [0x0000000080000000, 0x0000000100000000)
  region size 1024K, 5 young (5120K), 5 survivors (5120K)
 Metaspace       used 100139K, committed 100800K, reserved 1179648K
  class space    used 13742K, committed 14080K, reserved 1048576K
}
Event: 10.433 GC heap before
{Heap before GC invocations=40 (full 0):
 garbage-first heap   total 227328K, used 153532K [0x0000000080000000, 0x0000000100000000)
  region size 1024K, 50 young (51200K), 5 survivors (5120K)
 Metaspace       used 104132K, committed 104832K, reserved 1179648K
  class space    used 14182K, committed 14528K, reserved 1048576K
}
Event: 10.438 GC heap after
{Heap after GC invocations=41 (full 0):
 garbage-first heap   total 227328K, used 111062K [0x0000000080000000, 0x0000000100000000)
  region size 1024K, 4 young (4096K), 4 survivors (4096K)
 Metaspace       used 104132K, committed 104832K, reserved 1179648K
  class space    used 14182K, committed 14528K, reserved 1048576K
}
Event: 10.473 GC heap before
{Heap before GC invocations=41 (full 0):
 garbage-first heap   total 227328K, used 117206K [0x0000000080000000, 0x0000000100000000)
  region size 1024K, 11 young (11264K), 4 survivors (4096K)
 Metaspace       used 104998K, committed 105728K, reserved 1179648K
  class space    used 14262K, committed 14592K, reserved 1048576K
}
Event: 10.475 GC heap after
{Heap after GC invocations=42 (full 0):
 garbage-first heap   total 227328K, used 98530K [0x0000000080000000, 0x0000000100000000)
  region size 1024K, 1 young (1024K), 1 survivors (1024K)
 Metaspace       used 104998K, committed 105728K, reserved 1179648K
  class space    used 14262K, committed 14592K, reserved 1048576K
}
Event: 27.805 GC heap before
{Heap before GC invocations=42 (full 0):
 garbage-first heap   total 227328K, used 163042K [0x0000000080000000, 0x0000000100000000)
  region size 1024K, 65 young (66560K), 1 survivors (1024K)
 Metaspace       used 107089K, committed 107840K, reserved 1179648K
  class space    used 14429K, committed 14784K, reserved 1048576K
}

