# JRE version: OpenJDK Runtime Environment (17.0.9) (build 17.0.9+0--11185874)
# Java VM: OpenJDK 64-Bit Server VM (17.0.9+0--11185874, mixed mode, tiered, compressed oops, compressed class ptrs, g1 gc, windows-amd64)
GC Precious Log:
 CPUs: 8 total, 8 available
 Memory: 16221M
 Large Page Support: Disabled
 NUMA Support: Disabled
 Compressed Oops: Enabled (32-bit)
 Heap Region Size: 1M
 Heap Min Capacity: 8M
 Heap Initial Capacity: 254M
 Heap Max Capacity: 2G
 Pre-touch: Disabled
 Parallel Workers: 8
 Concurrent Workers: 2
 Concurrent Refinement Workers: 8
 Periodic GC: Disabled
Heap:
 garbage-first heap   total 320512K, used 128619K [0x0000000080000000, 0x0000000100000000)
  region size 1024K, 2 young (2048K), 2 survivors (2048K)
 Metaspace       used 151298K, committed 152512K, reserved 1245184K
  class space    used 20673K, committed 21248K, reserved 1048576K
GC Heap History (20 events):
Event: 3854.574 GC heap after
{Heap after GC invocations=54 (full 0):
 garbage-first heap   total 320512K, used 132674K [0x0000000080000000, 0x0000000100000000)
  region size 1024K, 8 young (8192K), 8 survivors (8192K)
 Metaspace       used 148735K, committed 149760K, reserved 1179648K
  class space    used 20421K, committed 20928K, reserved 1048576K
}
Event: 3856.490 GC heap before
{Heap before GC invocations=54 (full 0):
 garbage-first heap   total 320512K, used 263746K [0x0000000080000000, 0x0000000100000000)
  region size 1024K, 135 young (138240K), 8 survivors (8192K)
 Metaspace       used 150278K, committed 151488K, reserved 1179648K
  class space    used 20649K, committed 21184K, reserved 1048576K
}
Event: 3856.507 GC heap after
{Heap after GC invocations=55 (full 0):
 garbage-first heap   total 320512K, used 146872K [0x0000000080000000, 0x0000000100000000)
  region size 1024K, 17 young (17408K), 17 survivors (17408K)
 Metaspace       used 150278K, committed 151488K, reserved 1179648K
  class space    used 20649K, committed 21184K, reserved 1048576K
}
Event: 3988.919 GC heap before
{Heap before GC invocations=55 (full 0):
 garbage-first heap   total 320512K, used 257464K [0x0000000080000000, 0x0000000100000000)
  region size 1024K, 125 young (128000K), 17 survivors (17408K)
 Metaspace       used 150492K, committed 151680K, reserved 1179648K
  class space    used 20650K, committed 21184K, reserved 1048576K
}
Event: 3988.936 GC heap after
{Heap after GC invocations=56 (full 0):
 garbage-first heap   total 320512K, used 156643K [0x0000000080000000, 0x0000000100000000)
  region size 1024K, 16 young (16384K), 16 survivors (16384K)
 Metaspace       used 150492K, committed 151680K, reserved 1179648K
  class space    used 20650K, committed 21184K, reserved 1048576K
}
Event: 4069.079 GC heap before
{Heap before GC invocations=57 (full 0):
 garbage-first heap   total 320512K, used 254947K [0x0000000080000000, 0x0000000100000000)
  region size 1024K, 112 young (114688K), 16 survivors (16384K)
 Metaspace       used 150680K, committed 151808K, reserved 1179648K
  class space    used 20650K, committed 21184K, reserved 1048576K
}
Event: 4069.085 GC heap after
{Heap after GC invocations=58 (full 0):
 garbage-first heap   total 320512K, used 153045K [0x0000000080000000, 0x0000000100000000)
  region size 1024K, 4 young (4096K), 4 survivors (4096K)
 Metaspace       used 150680K, committed 151808K, reserved 1179648K
  class space    used 20650K, committed 21184K, reserved 1048576K
}
Event: 4069.159 GC heap before
{Heap before GC invocations=58 (full 0):
 garbage-first heap   total 320512K, used 164309K [0x0000000080000000, 0x0000000100000000)
  region size 1024K, 15 young (15360K), 4 survivors (4096K)
 Metaspace       used 150695K, committed 151872K, reserved 1179648K
  class space    used 20650K, committed 21184K, reserved 1048576K
}
Event: 4069.180 GC heap after
{Heap after GC invocations=59 (full 0):
 garbage-first heap   total 320512K, used 133593K [0x0000000080000000, 0x0000000100000000)
  region size 1024K, 2 young (2048K), 2 survivors (2048K)
 Metaspace       used 150695K, committed 151872K, reserved 1179648K
  class space    used 20650K, committed 21184K, reserved 1048576K
}
Event: 4069.248 GC heap before
{Heap before GC invocations=59 (full 0):
 garbage-first heap   total 320512K, used 145881K [0x0000000080000000, 0x0000000100000000)
  region size 1024K, 15 young (15360K), 2 survivors (2048K)
 Metaspace       used 150706K, committed 151872K, reserved 1179648K
  class space    used 20651K, committed 21184K, reserved 1048576K
}
Event: 4069.252 GC heap after
{Heap after GC invocations=60 (full 0):
 garbage-first heap   total 320512K, used 135648K [0x0000000080000000, 0x0000000100000000)
  region size 1024K, 2 young (2048K), 2 survivors (2048K)
 Metaspace       used 150706K, committed 151872K, reserved 1179648K
  class space    used 20651K, committed 21184K, reserved 1048576K
}
Event: 4116.532 GC heap before
{Heap before GC invocations=60 (full 0):
 garbage-first heap   total 320512K, used 257504K [0x0000000080000000, 0x0000000100000000)
  region size 1024K, 120 young (122880K), 2 survivors (2048K)
 Metaspace       used 151006K, committed 152192K, reserved 1245184K
  class space    used 20663K, committed 21184K, reserved 1048576K
}
Event: 4116.541 GC heap after
{Heap after GC invocations=61 (full 0):
 garbage-first heap   total 320512K, used 145096K [0x0000000080000000, 0x0000000100000000)
  region size 1024K, 9 young (9216K), 9 survivors (9216K)
 Metaspace       used 151006K, committed 152192K, reserved 1245184K
  class space    used 20663K, committed 21184K, reserved 1048576K
}
Event: 4117.087 GC heap before
{Heap before GC invocations=61 (full 0):
 garbage-first heap   total 320512K, used 224968K [0x0000000080000000, 0x0000000100000000)
  region size 1024K, 88 young (90112K), 9 survivors (9216K)
 Metaspace       used 151146K, committed 152384K, reserved 1245184K
  class space    used 20666K, committed 21248K, reserved 1048576K
}
Event: 4117.102 GC heap after
{Heap after GC invocations=62 (full 0):
 garbage-first heap   total 320512K, used 153198K [0x0000000080000000, 0x0000000100000000)
  region size 1024K, 15 young (15360K), 15 survivors (15360K)
 Metaspace       used 151146K, committed 152384K, reserved 1245184K
  class space    used 20666K, committed 21248K, reserved 1048576K
}
Event: 4377.614 GC heap before
{Heap before GC invocations=63 (full 0):
 garbage-first heap   total 320512K, used 251502K [0x0000000080000000, 0x0000000100000000)
  region size 1024K, 116 young (118784K), 15 survivors (15360K)
 Metaspace       used 151237K, committed 152448K, reserved 1245184K
  class space    used 20670K, committed 21248K, reserved 1048576K
}
Event: 4377.627 GC heap after
{Heap after GC invocations=64 (full 0):
 garbage-first heap   total 320512K, used 150049K [0x0000000080000000, 0x0000000100000000)
  region size 1024K, 6 young (6144K), 6 survivors (6144K)
 Metaspace       used 151237K, committed 152448K, reserved 1245184K
  class space    used 20670K, committed 21248K, reserved 1048576K
}
Event: 4377.683 GC heap before
{Heap before GC invocations=64 (full 0):
 garbage-first heap   total 320512K, used 159265K [0x0000000080000000, 0x0000000100000000)
  region size 1024K, 15 young (15360K), 6 survivors (6144K)
 Metaspace       used 151275K, committed 152512K, reserved 1245184K
  class space    used 20670K, committed 21248K, reserved 1048576K
}
Event: 4377.698 GC heap after
{Heap after GC invocations=65 (full 0):
 garbage-first heap   total 320512K, used 125566K [0x0000000080000000, 0x0000000100000000)
  region size 1024K, 2 young (2048K), 2 survivors (2048K)
 Metaspace       used 151275K, committed 152512K, reserved 1245184K
  class space    used 20670K, committed 21248K, reserved 1048576K
}
Event: 4377.824 GC heap before
{Heap before GC invocations=65 (full 0):
 garbage-first heap   total 320512K, used 137854K [0x0000000080000000, 0x0000000100000000)
  region size 1024K, 15 young (15360K), 2 survivors (2048K)
 Metaspace       used 151298K, committed 152512K, reserved 1245184K
  class space    used 20673K, committed 21248K, reserved 1048576K
}

