# JRE version: OpenJDK Runtime Environment (17.0.9) (build 17.0.9+0--11185874)
# Java VM: OpenJDK 64-Bit Server VM (17.0.9+0--11185874, mixed mode, tiered, compressed oops, compressed class ptrs, g1 gc, windows-amd64)
GC Precious Log:
 CPUs: 8 total, 8 available
 Memory: 16221M
 Large Page Support: Disabled
 NUMA Support: Disabled
 Compressed Oops: Enabled (32-bit)
 Heap Region Size: 1M
 Heap Min Capacity: 8M
 Heap Initial Capacity: 254M
 Heap Max Capacity: 2G
 Pre-touch: Disabled
 Parallel Workers: 8
 Concurrent Workers: 2
 Concurrent Refinement Workers: 8
 Periodic GC: Disabled
Heap:
 garbage-first heap   total 260096K, used 76197K [0x0000000080000000, 0x0000000100000000)
  region size 1024K, 5 young (5120K), 5 survivors (5120K)
 Metaspace       used 94114K, committed 94784K, reserved 1179648K
  class space    used 12993K, committed 13312K, reserved 1048576K
GC Heap History (20 events):
Event: 5.873 GC heap after
{Heap after GC invocations=22 (full 0):
 garbage-first heap   total 122880K, used 63692K [0x0000000080000000, 0x0000000100000000)
  region size 1024K, 3 young (3072K), 3 survivors (3072K)
 Metaspace       used 70429K, committed 71040K, reserved 1114112K
  class space    used 9533K, committed 9856K, reserved 1048576K
}
Event: 6.136 GC heap before
{Heap before GC invocations=22 (full 0):
 garbage-first heap   total 122880K, used 100556K [0x0000000080000000, 0x0000000100000000)
  region size 1024K, 39 young (39936K), 3 survivors (3072K)
 Metaspace       used 73865K, committed 74496K, reserved 1114112K
  class space    used 10018K, committed 10304K, reserved 1048576K
}
Event: 6.138 GC heap after
{Heap after GC invocations=23 (full 0):
 garbage-first heap   total 122880K, used 65689K [0x0000000080000000, 0x0000000100000000)
  region size 1024K, 2 young (2048K), 2 survivors (2048K)
 Metaspace       used 73865K, committed 74496K, reserved 1114112K
  class space    used 10018K, committed 10304K, reserved 1048576K
}
Event: 6.408 GC heap before
{Heap before GC invocations=24 (full 0):
 garbage-first heap   total 122880K, used 97433K [0x0000000080000000, 0x0000000100000000)
  region size 1024K, 37 young (37888K), 2 survivors (2048K)
 Metaspace       used 76661K, committed 77312K, reserved 1179648K
  class space    used 10364K, committed 10688K, reserved 1048576K
}
Event: 6.411 GC heap after
{Heap after GC invocations=25 (full 0):
 garbage-first heap   total 122880K, used 65775K [0x0000000080000000, 0x0000000100000000)
  region size 1024K, 5 young (5120K), 5 survivors (5120K)
 Metaspace       used 76661K, committed 77312K, reserved 1179648K
  class space    used 10364K, committed 10688K, reserved 1048576K
}
Event: 6.416 GC heap before
{Heap before GC invocations=25 (full 0):
 garbage-first heap   total 122880K, used 66799K [0x0000000080000000, 0x0000000100000000)
  region size 1024K, 6 young (6144K), 5 survivors (5120K)
 Metaspace       used 76724K, committed 77376K, reserved 1179648K
  class space    used 10375K, committed 10688K, reserved 1048576K
}
Event: 6.419 GC heap after
{Heap after GC invocations=26 (full 0):
 garbage-first heap   total 147456K, used 65432K [0x0000000080000000, 0x0000000100000000)
  region size 1024K, 1 young (1024K), 1 survivors (1024K)
 Metaspace       used 76724K, committed 77376K, reserved 1179648K
  class space    used 10375K, committed 10688K, reserved 1048576K
}
Event: 6.647 GC heap before
{Heap before GC invocations=26 (full 0):
 garbage-first heap   total 147456K, used 99224K [0x0000000080000000, 0x0000000100000000)
  region size 1024K, 35 young (35840K), 1 survivors (1024K)
 Metaspace       used 79273K, committed 79872K, reserved 1179648K
  class space    used 10728K, committed 11008K, reserved 1048576K
}
Event: 6.649 GC heap after
{Heap after GC invocations=27 (full 0):
 garbage-first heap   total 147456K, used 66352K [0x0000000080000000, 0x0000000100000000)
  region size 1024K, 2 young (2048K), 2 survivors (2048K)
 Metaspace       used 79273K, committed 79872K, reserved 1179648K
  class space    used 10728K, committed 11008K, reserved 1048576K
}
Event: 7.065 GC heap before
{Heap before GC invocations=28 (full 0):
 garbage-first heap   total 147456K, used 119600K [0x0000000080000000, 0x0000000100000000)
  region size 1024K, 54 young (55296K), 2 survivors (2048K)
 Metaspace       used 83092K, committed 83712K, reserved 1179648K
  class space    used 11445K, committed 11712K, reserved 1048576K
}
Event: 7.068 GC heap after
{Heap after GC invocations=29 (full 0):
 garbage-first heap   total 147456K, used 66633K [0x0000000080000000, 0x0000000100000000)
  region size 1024K, 3 young (3072K), 3 survivors (3072K)
 Metaspace       used 83092K, committed 83712K, reserved 1179648K
  class space    used 11445K, committed 11712K, reserved 1048576K
}
Event: 7.109 GC heap before
{Heap before GC invocations=29 (full 0):
 garbage-first heap   total 147456K, used 70729K [0x0000000080000000, 0x0000000100000000)
  region size 1024K, 7 young (7168K), 3 survivors (3072K)
 Metaspace       used 83387K, committed 84032K, reserved 1179648K
  class space    used 11482K, committed 11776K, reserved 1048576K
}
Event: 7.112 GC heap after
{Heap after GC invocations=30 (full 0):
 garbage-first heap   total 147456K, used 66518K [0x0000000080000000, 0x0000000100000000)
  region size 1024K, 1 young (1024K), 1 survivors (1024K)
 Metaspace       used 83387K, committed 84032K, reserved 1179648K
  class space    used 11482K, committed 11776K, reserved 1048576K
}
Event: 7.552 GC heap before
{Heap before GC invocations=30 (full 0):
 garbage-first heap   total 147456K, used 120790K [0x0000000080000000, 0x0000000100000000)
  region size 1024K, 54 young (55296K), 1 survivors (1024K)
 Metaspace       used 87616K, committed 88256K, reserved 1179648K
  class space    used 12114K, committed 12416K, reserved 1048576K
}
Event: 7.555 GC heap after
{Heap after GC invocations=31 (full 0):
 garbage-first heap   total 147456K, used 69388K [0x0000000080000000, 0x0000000100000000)
  region size 1024K, 4 young (4096K), 4 survivors (4096K)
 Metaspace       used 87616K, committed 88256K, reserved 1179648K
  class space    used 12114K, committed 12416K, reserved 1048576K
}
Event: 7.947 GC heap before
{Heap before GC invocations=32 (full 0):
 garbage-first heap   total 147456K, used 120588K [0x0000000080000000, 0x0000000100000000)
  region size 1024K, 54 young (55296K), 4 survivors (4096K)
 Metaspace       used 92138K, committed 92864K, reserved 1179648K
  class space    used 12775K, committed 13120K, reserved 1048576K
}
Event: 7.951 GC heap after
{Heap after GC invocations=33 (full 0):
 garbage-first heap   total 147456K, used 72199K [0x0000000080000000, 0x0000000100000000)
  region size 1024K, 6 young (6144K), 6 survivors (6144K)
 Metaspace       used 92138K, committed 92864K, reserved 1179648K
  class space    used 12775K, committed 13120K, reserved 1048576K
}
Event: 7.961 GC heap before
{Heap before GC invocations=33 (full 0):
 garbage-first heap   total 147456K, used 73223K [0x0000000080000000, 0x0000000100000000)
  region size 1024K, 7 young (7168K), 6 survivors (6144K)
 Metaspace       used 92174K, committed 92864K, reserved 1179648K
  class space    used 12781K, committed 13120K, reserved 1048576K
}
Event: 7.965 GC heap after
{Heap after GC invocations=34 (full 0):
 garbage-first heap   total 147456K, used 72388K [0x0000000080000000, 0x0000000100000000)
  region size 1024K, 1 young (1024K), 1 survivors (1024K)
 Metaspace       used 92174K, committed 92864K, reserved 1179648K
  class space    used 12781K, committed 13120K, reserved 1048576K
}
Event: 8.171 GC heap before
{Heap before GC invocations=34 (full 0):
 garbage-first heap   total 147456K, used 102084K [0x0000000080000000, 0x0000000100000000)
  region size 1024K, 32 young (32768K), 1 survivors (1024K)
 Metaspace       used 94114K, committed 94784K, reserved 1179648K
  class space    used 12993K, committed 13312K, reserved 1048576K
}

