# JRE version: OpenJDK Runtime Environment (17.0.9) (build 17.0.9+0--11185874)
# Java VM: OpenJDK 64-Bit Server VM (17.0.9+0--11185874, mixed mode, tiered, compressed oops, compressed class ptrs, g1 gc, windows-amd64)
GC Precious Log:
 CPUs: 8 total, 8 available
 Memory: 16221M
 Large Page Support: Disabled
 NUMA Support: Disabled
 Compressed Oops: Enabled (32-bit)
 Heap Region Size: 1M
 Heap Min Capacity: 8M
 Heap Initial Capacity: 254M
 Heap Max Capacity: 2G
 Pre-touch: Disabled
 Parallel Workers: 8
 Concurrent Workers: 2
 Concurrent Refinement Workers: 8
 Periodic GC: Disabled
Heap:
 garbage-first heap   total 294912K, used 229104K [0x0000000080000000, 0x0000000100000000)
  region size 1024K, 156 young (159744K), 11 survivors (11264K)
 Metaspace       used 99251K, committed 99968K, reserved 1179648K
  class space    used 13665K, committed 14016K, reserved 1048576K
GC Heap History (20 events):
Event: 3.491 GC heap before
{Heap before GC invocations=12 (full 0):
 garbage-first heap   total 131072K, used 94255K [0x0000000080000000, 0x0000000100000000)
  region size 1024K, 63 young (64512K), 1 survivors (1024K)
 Metaspace       used 47489K, committed 47936K, reserved 1114112K
  class space    used 6400K, committed 6656K, reserved 1048576K
}
Event: 3.494 GC heap after
{Heap after GC invocations=13 (full 0):
 garbage-first heap   total 131072K, used 31879K [0x0000000080000000, 0x0000000100000000)
  region size 1024K, 4 young (4096K), 4 survivors (4096K)
 Metaspace       used 47489K, committed 47936K, reserved 1114112K
  class space    used 6400K, committed 6656K, reserved 1048576K
}
Event: 4.286 GC heap before
{Heap before GC invocations=13 (full 0):
 garbage-first heap   total 131072K, used 97415K [0x0000000080000000, 0x0000000100000000)
  region size 1024K, 68 young (69632K), 4 survivors (4096K)
 Metaspace       used 55322K, committed 55744K, reserved 1114112K
  class space    used 7622K, committed 7808K, reserved 1048576K
}
Event: 4.291 GC heap after
{Heap after GC invocations=14 (full 0):
 garbage-first heap   total 131072K, used 35935K [0x0000000080000000, 0x0000000100000000)
  region size 1024K, 8 young (8192K), 8 survivors (8192K)
 Metaspace       used 55322K, committed 55744K, reserved 1114112K
  class space    used 7622K, committed 7808K, reserved 1048576K
}
Event: 4.810 GC heap before
{Heap before GC invocations=14 (full 0):
 garbage-first heap   total 131072K, used 105567K [0x0000000080000000, 0x0000000100000000)
  region size 1024K, 71 young (72704K), 8 survivors (8192K)
 Metaspace       used 58668K, committed 59200K, reserved 1114112K
  class space    used 8045K, committed 8320K, reserved 1048576K
}
Event: 4.815 GC heap after
{Heap after GC invocations=15 (full 0):
 garbage-first heap   total 131072K, used 50130K [0x0000000080000000, 0x0000000100000000)
  region size 1024K, 9 young (9216K), 9 survivors (9216K)
 Metaspace       used 58668K, committed 59200K, reserved 1114112K
  class space    used 8045K, committed 8320K, reserved 1048576K
}
Event: 4.922 GC heap before
{Heap before GC invocations=15 (full 0):
 garbage-first heap   total 131072K, used 63442K [0x0000000080000000, 0x0000000100000000)
  region size 1024K, 23 young (23552K), 9 survivors (9216K)
 Metaspace       used 59912K, committed 60480K, reserved 1114112K
  class space    used 8215K, committed 8512K, reserved 1048576K
}
Event: 4.926 GC heap after
{Heap after GC invocations=16 (full 0):
 garbage-first heap   total 131072K, used 52224K [0x0000000080000000, 0x0000000100000000)
  region size 1024K, 1 young (1024K), 1 survivors (1024K)
 Metaspace       used 59912K, committed 60480K, reserved 1114112K
  class space    used 8215K, committed 8512K, reserved 1048576K
}
Event: 5.322 GC heap before
{Heap before GC invocations=17 (full 0):
 garbage-first heap   total 131072K, used 103424K [0x0000000080000000, 0x0000000100000000)
  region size 1024K, 51 young (52224K), 1 survivors (1024K)
 Metaspace       used 65214K, committed 65792K, reserved 1114112K
  class space    used 8811K, committed 9088K, reserved 1048576K
}
Event: 5.325 GC heap after
{Heap after GC invocations=18 (full 0):
 garbage-first heap   total 131072K, used 53224K [0x0000000080000000, 0x0000000100000000)
  region size 1024K, 2 young (2048K), 2 survivors (2048K)
 Metaspace       used 65214K, committed 65792K, reserved 1114112K
  class space    used 8811K, committed 9088K, reserved 1048576K
}
Event: 5.725 GC heap before
{Heap before GC invocations=18 (full 0):
 garbage-first heap   total 131072K, used 111592K [0x0000000080000000, 0x0000000100000000)
  region size 1024K, 53 young (54272K), 2 survivors (2048K)
 Metaspace       used 69514K, committed 70080K, reserved 1114112K
  class space    used 9393K, committed 9664K, reserved 1048576K
}
Event: 5.728 GC heap after
{Heap after GC invocations=19 (full 0):
 garbage-first heap   total 131072K, used 58065K [0x0000000080000000, 0x0000000100000000)
  region size 1024K, 7 young (7168K), 7 survivors (7168K)
 Metaspace       used 69514K, committed 70080K, reserved 1114112K
  class space    used 9393K, committed 9664K, reserved 1048576K
}
Event: 6.069 GC heap before
{Heap before GC invocations=19 (full 0):
 garbage-first heap   total 131072K, used 105169K [0x0000000080000000, 0x0000000100000000)
  region size 1024K, 53 young (54272K), 7 survivors (7168K)
 Metaspace       used 73408K, committed 74048K, reserved 1114112K
  class space    used 9933K, committed 10240K, reserved 1048576K
}
Event: 6.074 GC heap after
{Heap after GC invocations=20 (full 0):
 garbage-first heap   total 131072K, used 60212K [0x0000000080000000, 0x0000000100000000)
  region size 1024K, 3 young (3072K), 3 survivors (3072K)
 Metaspace       used 73408K, committed 74048K, reserved 1114112K
  class space    used 9933K, committed 10240K, reserved 1048576K
}
Event: 6.388 GC heap before
{Heap before GC invocations=20 (full 0):
 garbage-first heap   total 131072K, used 105268K [0x0000000080000000, 0x0000000100000000)
  region size 1024K, 47 young (48128K), 3 survivors (3072K)
 Metaspace       used 77211K, committed 77760K, reserved 1179648K
  class space    used 10418K, committed 10688K, reserved 1048576K
}
Event: 6.391 GC heap after
{Heap after GC invocations=21 (full 0):
 garbage-first heap   total 131072K, used 63574K [0x0000000080000000, 0x0000000100000000)
  region size 1024K, 6 young (6144K), 6 survivors (6144K)
 Metaspace       used 77211K, committed 77760K, reserved 1179648K
  class space    used 10418K, committed 10688K, reserved 1048576K
}
Event: 6.684 GC heap before
{Heap before GC invocations=21 (full 0):
 garbage-first heap   total 131072K, used 106582K [0x0000000080000000, 0x0000000100000000)
  region size 1024K, 47 young (48128K), 6 survivors (6144K)
 Metaspace       used 80161K, committed 80768K, reserved 1179648K
  class space    used 10837K, committed 11136K, reserved 1048576K
}
Event: 6.690 GC heap after
{Heap after GC invocations=22 (full 0):
 garbage-first heap   total 294912K, used 64797K [0x0000000080000000, 0x0000000100000000)
  region size 1024K, 2 young (2048K), 2 survivors (2048K)
 Metaspace       used 80161K, committed 80768K, reserved 1179648K
  class space    used 10837K, committed 11136K, reserved 1048576K
}
Event: 8.095 GC heap before
{Heap before GC invocations=22 (full 0):
 garbage-first heap   total 294912K, used 237853K [0x0000000080000000, 0x0000000100000000)
  region size 1024K, 172 young (176128K), 2 survivors (2048K)
 Metaspace       used 93768K, committed 94464K, reserved 1179648K
  class space    used 12945K, committed 13248K, reserved 1048576K
}
Event: 8.103 GC heap after
{Heap after GC invocations=23 (full 0):
 garbage-first heap   total 294912K, used 74480K [0x0000000080000000, 0x0000000100000000)
  region size 1024K, 11 young (11264K), 11 survivors (11264K)
 Metaspace       used 93768K, committed 94464K, reserved 1179648K
  class space    used 12945K, committed 13248K, reserved 1048576K
}

