# JRE version: OpenJDK Runtime Environment (17.0.9) (build 17.0.9+0--11185874)
# Java VM: OpenJDK 64-Bit Server VM (17.0.9+0--11185874, mixed mode, tiered, compressed oops, compressed class ptrs, g1 gc, windows-amd64)
GC Precious Log:
 CPUs: 8 total, 8 available
 Memory: 16221M
 Large Page Support: Disabled
 NUMA Support: Disabled
 Compressed Oops: Enabled (32-bit)
 Heap Region Size: 1M
 Heap Min Capacity: 8M
 Heap Initial Capacity: 254M
 Heap Max Capacity: 2G
 Pre-touch: Disabled
 Parallel Workers: 8
 Concurrent Workers: 2
 Concurrent Refinement Workers: 8
 Periodic GC: Disabled
Heap:
 garbage-first heap   total 165888K, used 116567K [0x0000000080000000, 0x0000000100000000)
  region size 1024K, 31 young (31744K), 1 survivors (1024K)
 Metaspace       used 90836K, committed 91520K, reserved 1179648K
  class space    used 12041K, committed 12352K, reserved 1048576K
GC Heap History (20 events):
Event: 6.077 GC heap before
{Heap before GC invocations=28 (full 0):
 garbage-first heap   total 110592K, used 58975K [0x0000000080000000, 0x0000000100000000)
  region size 1024K, 5 young (5120K), 3 survivors (3072K)
 Metaspace       used 69264K, committed 69888K, reserved 1114112K
  class space    used 9619K, committed 9920K, reserved 1048576K
}
Event: 6.080 GC heap after
{Heap after GC invocations=29 (full 0):
 garbage-first heap   total 110592K, used 57961K [0x0000000080000000, 0x0000000100000000)
  region size 1024K, 3 young (3072K), 3 survivors (3072K)
 Metaspace       used 69264K, committed 69888K, reserved 1114112K
  class space    used 9619K, committed 9920K, reserved 1048576K
}
Event: 6.234 GC heap before
{Heap before GC invocations=30 (full 0):
 garbage-first heap   total 114688K, used 98921K [0x0000000080000000, 0x0000000100000000)
  region size 1024K, 36 young (36864K), 3 survivors (3072K)
 Metaspace       used 69591K, committed 70272K, reserved 1114112K
  class space    used 9627K, committed 9920K, reserved 1048576K
}
Event: 6.242 GC heap after
{Heap after GC invocations=31 (full 0):
 garbage-first heap   total 114688K, used 67472K [0x0000000080000000, 0x0000000100000000)
  region size 1024K, 5 young (5120K), 5 survivors (5120K)
 Metaspace       used 69591K, committed 70272K, reserved 1114112K
  class space    used 9627K, committed 9920K, reserved 1048576K
}
Event: 6.461 GC heap before
{Heap before GC invocations=31 (full 0):
 garbage-first heap   total 114688K, used 90000K [0x0000000080000000, 0x0000000100000000)
  region size 1024K, 28 young (28672K), 5 survivors (5120K)
 Metaspace       used 72165K, committed 72832K, reserved 1114112K
  class space    used 9958K, committed 10240K, reserved 1048576K
}
Event: 6.470 GC heap after
{Heap after GC invocations=32 (full 0):
 garbage-first heap   total 138240K, used 69338K [0x0000000080000000, 0x0000000100000000)
  region size 1024K, 2 young (2048K), 2 survivors (2048K)
 Metaspace       used 72165K, committed 72832K, reserved 1114112K
  class space    used 9958K, committed 10240K, reserved 1048576K
}
Event: 6.646 GC heap before
{Heap before GC invocations=33 (full 0):
 garbage-first heap   total 138240K, used 80602K [0x0000000080000000, 0x0000000100000000)
  region size 1024K, 14 young (14336K), 2 survivors (2048K)
 Metaspace       used 73698K, committed 74368K, reserved 1114112K
  class space    used 10130K, committed 10432K, reserved 1048576K
}
Event: 6.647 GC heap after
{Heap after GC invocations=34 (full 0):
 garbage-first heap   total 138240K, used 69699K [0x0000000080000000, 0x0000000100000000)
  region size 1024K, 2 young (2048K), 2 survivors (2048K)
 Metaspace       used 73698K, committed 74368K, reserved 1114112K
  class space    used 10130K, committed 10432K, reserved 1048576K
}
Event: 7.060 GC heap before
{Heap before GC invocations=35 (full 0):
 garbage-first heap   total 138240K, used 115779K [0x0000000080000000, 0x0000000100000000)
  region size 1024K, 40 young (40960K), 2 survivors (2048K)
 Metaspace       used 77925K, committed 78592K, reserved 1179648K
  class space    used 10546K, committed 10880K, reserved 1048576K
}
Event: 7.062 GC heap after
{Heap after GC invocations=36 (full 0):
 garbage-first heap   total 138240K, used 79565K [0x0000000080000000, 0x0000000100000000)
  region size 1024K, 5 young (5120K), 5 survivors (5120K)
 Metaspace       used 77925K, committed 78592K, reserved 1179648K
  class space    used 10546K, committed 10880K, reserved 1048576K
}
Event: 7.393 GC heap before
{Heap before GC invocations=36 (full 0):
 garbage-first heap   total 138240K, used 112333K [0x0000000080000000, 0x0000000100000000)
  region size 1024K, 37 young (37888K), 5 survivors (5120K)
 Metaspace       used 82027K, committed 82688K, reserved 1179648K
  class space    used 10964K, committed 11264K, reserved 1048576K
}
Event: 7.396 GC heap after
{Heap after GC invocations=37 (full 0):
 garbage-first heap   total 138240K, used 80880K [0x0000000080000000, 0x0000000100000000)
  region size 1024K, 2 young (2048K), 2 survivors (2048K)
 Metaspace       used 82027K, committed 82688K, reserved 1179648K
  class space    used 10964K, committed 11264K, reserved 1048576K
}
Event: 7.723 GC heap before
{Heap before GC invocations=38 (full 0):
 garbage-first heap   total 145408K, used 113648K [0x0000000080000000, 0x0000000100000000)
  region size 1024K, 34 young (34816K), 2 survivors (2048K)
 Metaspace       used 86029K, committed 86656K, reserved 1179648K
  class space    used 11499K, committed 11776K, reserved 1048576K
}
Event: 7.727 GC heap after
{Heap after GC invocations=39 (full 0):
 garbage-first heap   total 145408K, used 83223K [0x0000000080000000, 0x0000000100000000)
  region size 1024K, 4 young (4096K), 4 survivors (4096K)
 Metaspace       used 86029K, committed 86656K, reserved 1179648K
  class space    used 11499K, committed 11776K, reserved 1048576K
}
Event: 7.882 GC heap before
{Heap before GC invocations=39 (full 0):
 garbage-first heap   total 145408K, used 98583K [0x0000000080000000, 0x0000000100000000)
  region size 1024K, 20 young (20480K), 4 survivors (4096K)
 Metaspace       used 88036K, committed 88640K, reserved 1179648K
  class space    used 11737K, committed 12032K, reserved 1048576K
}
Event: 7.885 GC heap after
{Heap after GC invocations=40 (full 0):
 garbage-first heap   total 145408K, used 84436K [0x0000000080000000, 0x0000000100000000)
  region size 1024K, 4 young (4096K), 4 survivors (4096K)
 Metaspace       used 88036K, committed 88640K, reserved 1179648K
  class space    used 11737K, committed 12032K, reserved 1048576K
}
Event: 8.145 GC heap before
{Heap before GC invocations=41 (full 0):
 garbage-first heap   total 165888K, used 121300K [0x0000000080000000, 0x0000000100000000)
  region size 1024K, 39 young (39936K), 4 survivors (4096K)
 Metaspace       used 89027K, committed 89728K, reserved 1179648K
  class space    used 11850K, committed 12160K, reserved 1048576K
}
Event: 8.148 GC heap after
{Heap after GC invocations=42 (full 0):
 garbage-first heap   total 165888K, used 86545K [0x0000000080000000, 0x0000000100000000)
  region size 1024K, 4 young (4096K), 4 survivors (4096K)
 Metaspace       used 89027K, committed 89728K, reserved 1179648K
  class space    used 11850K, committed 12160K, reserved 1048576K
}
Event: 8.202 GC heap before
{Heap before GC invocations=42 (full 0):
 garbage-first heap   total 165888K, used 89617K [0x0000000080000000, 0x0000000100000000)
  region size 1024K, 8 young (8192K), 4 survivors (4096K)
 Metaspace       used 89513K, committed 90240K, reserved 1179648K
  class space    used 11907K, committed 12224K, reserved 1048576K
}
Event: 8.206 GC heap after
{Heap after GC invocations=43 (full 0):
 garbage-first heap   total 165888K, used 86871K [0x0000000080000000, 0x0000000100000000)
  region size 1024K, 1 young (1024K), 1 survivors (1024K)
 Metaspace       used 89513K, committed 90240K, reserved 1179648K
  class space    used 11907K, committed 12224K, reserved 1048576K
}

