# JRE version: OpenJDK Runtime Environment (17.0.9) (build 17.0.9+0--11185874)
# Java VM: OpenJDK 64-Bit Server VM (17.0.9+0--11185874, mixed mode, tiered, compressed oops, compressed class ptrs, g1 gc, windows-amd64)
GC Precious Log:
 CPUs: 8 total, 8 available
 Memory: 16221M
 Large Page Support: Disabled
 NUMA Support: Disabled
 Compressed Oops: Enabled (32-bit)
 Heap Region Size: 1M
 Heap Min Capacity: 8M
 Heap Initial Capacity: 254M
 Heap Max Capacity: 2G
 Pre-touch: Disabled
 Parallel Workers: 8
 Concurrent Workers: 2
 Concurrent Refinement Workers: 8
 Periodic GC: Disabled
Heap:
 garbage-first heap   total 208896K, used 150611K [0x0000000080000000, 0x0000000100000000)
  region size 1024K, 82 young (83968K), 10 survivors (10240K)
 Metaspace       used 97025K, committed 97728K, reserved 1179648K
  class space    used 13403K, committed 13760K, reserved 1048576K
GC Heap History (20 events):
Event: 5.565 GC heap before
{Heap before GC invocations=21 (full 0):
 garbage-first heap   total 103424K, used 82264K [0x0000000080000000, 0x0000000100000000)
  region size 1024K, 31 young (31744K), 1 survivors (1024K)
 Metaspace       used 66350K, committed 66944K, reserved 1114112K
  class space    used 9003K, committed 9280K, reserved 1048576K
}
Event: 5.567 GC heap after
{Heap after GC invocations=22 (full 0):
 garbage-first heap   total 103424K, used 52781K [0x0000000080000000, 0x0000000100000000)
  region size 1024K, 2 young (2048K), 2 survivors (2048K)
 Metaspace       used 66350K, committed 66944K, reserved 1114112K
  class space    used 9003K, committed 9280K, reserved 1048576K
}
Event: 5.581 GC heap before
{Heap before GC invocations=22 (full 0):
 garbage-first heap   total 103424K, used 54829K [0x0000000080000000, 0x0000000100000000)
  region size 1024K, 5 young (5120K), 2 survivors (2048K)
 Metaspace       used 66540K, committed 67136K, reserved 1114112K
  class space    used 9033K, committed 9344K, reserved 1048576K
}
Event: 5.583 GC heap after
{Heap after GC invocations=23 (full 0):
 garbage-first heap   total 103424K, used 53533K [0x0000000080000000, 0x0000000100000000)
  region size 1024K, 1 young (1024K), 1 survivors (1024K)
 Metaspace       used 66540K, committed 67136K, reserved 1114112K
  class space    used 9033K, committed 9344K, reserved 1048576K
}
Event: 5.656 GC heap before
{Heap before GC invocations=23 (full 0):
 garbage-first heap   total 103424K, used 57629K [0x0000000080000000, 0x0000000100000000)
  region size 1024K, 6 young (6144K), 1 survivors (1024K)
 Metaspace       used 67874K, committed 68544K, reserved 1114112K
  class space    used 9173K, committed 9472K, reserved 1048576K
}
Event: 5.657 GC heap after
{Heap after GC invocations=24 (full 0):
 garbage-first heap   total 103424K, used 54125K [0x0000000080000000, 0x0000000100000000)
  region size 1024K, 2 young (2048K), 2 survivors (2048K)
 Metaspace       used 67874K, committed 68544K, reserved 1114112K
  class space    used 9173K, committed 9472K, reserved 1048576K
}
Event: 5.917 GC heap before
{Heap before GC invocations=25 (full 0):
 garbage-first heap   total 114688K, used 88941K [0x0000000080000000, 0x0000000100000000)
  region size 1024K, 30 young (30720K), 2 survivors (2048K)
 Metaspace       used 69106K, committed 69760K, reserved 1114112K
  class space    used 9343K, committed 9664K, reserved 1048576K
}
Event: 5.919 GC heap after
{Heap after GC invocations=26 (full 0):
 garbage-first heap   total 114688K, used 57226K [0x0000000080000000, 0x0000000100000000)
  region size 1024K, 4 young (4096K), 4 survivors (4096K)
 Metaspace       used 69106K, committed 69760K, reserved 1114112K
  class space    used 9343K, committed 9664K, reserved 1048576K
}
Event: 5.932 GC heap before
{Heap before GC invocations=26 (full 0):
 garbage-first heap   total 114688K, used 58250K [0x0000000080000000, 0x0000000100000000)
  region size 1024K, 5 young (5120K), 4 survivors (4096K)
 Metaspace       used 69185K, committed 69824K, reserved 1114112K
  class space    used 9352K, committed 9664K, reserved 1048576K
}
Event: 5.935 GC heap after
{Heap after GC invocations=27 (full 0):
 garbage-first heap   total 114688K, used 57167K [0x0000000080000000, 0x0000000100000000)
  region size 1024K, 1 young (1024K), 1 survivors (1024K)
 Metaspace       used 69185K, committed 69824K, reserved 1114112K
  class space    used 9352K, committed 9664K, reserved 1048576K
}
Event: 6.225 GC heap before
{Heap before GC invocations=27 (full 0):
 garbage-first heap   total 114688K, used 88911K [0x0000000080000000, 0x0000000100000000)
  region size 1024K, 32 young (32768K), 1 survivors (1024K)
 Metaspace       used 71389K, committed 71936K, reserved 1114112K
  class space    used 9641K, committed 9920K, reserved 1048576K
}
Event: 6.227 GC heap after
{Heap after GC invocations=28 (full 0):
 garbage-first heap   total 225280K, used 58489K [0x0000000080000000, 0x0000000100000000)
  region size 1024K, 2 young (2048K), 2 survivors (2048K)
 Metaspace       used 71389K, committed 71936K, reserved 1114112K
  class space    used 9641K, committed 9920K, reserved 1048576K
}
Event: 6.982 GC heap before
{Heap before GC invocations=29 (full 0):
 garbage-first heap   total 208896K, used 154745K [0x0000000080000000, 0x0000000100000000)
  region size 1024K, 95 young (97280K), 2 survivors (2048K)
 Metaspace       used 79382K, committed 79936K, reserved 1179648K
  class space    used 10733K, committed 11008K, reserved 1048576K
}
Event: 6.987 GC heap after
{Heap after GC invocations=30 (full 0):
 garbage-first heap   total 208896K, used 64045K [0x0000000080000000, 0x0000000100000000)
  region size 1024K, 8 young (8192K), 8 survivors (8192K)
 Metaspace       used 79382K, committed 79936K, reserved 1179648K
  class space    used 10733K, committed 11008K, reserved 1048576K
}
Event: 7.009 GC heap before
{Heap before GC invocations=30 (full 0):
 garbage-first heap   total 208896K, used 66093K [0x0000000080000000, 0x0000000100000000)
  region size 1024K, 10 young (10240K), 8 survivors (8192K)
 Metaspace       used 79536K, committed 80192K, reserved 1179648K
  class space    used 10749K, committed 11072K, reserved 1048576K
}
Event: 7.012 GC heap after
{Heap after GC invocations=31 (full 0):
 garbage-first heap   total 208896K, used 65174K [0x0000000080000000, 0x0000000100000000)
  region size 1024K, 2 young (2048K), 2 survivors (2048K)
 Metaspace       used 79536K, committed 80192K, reserved 1179648K
  class space    used 10749K, committed 11072K, reserved 1048576K
}
Event: 7.742 GC heap before
{Heap before GC invocations=31 (full 0):
 garbage-first heap   total 208896K, used 155286K [0x0000000080000000, 0x0000000100000000)
  region size 1024K, 90 young (92160K), 2 survivors (2048K)
 Metaspace       used 86415K, committed 87040K, reserved 1179648K
  class space    used 11927K, committed 12224K, reserved 1048576K
}
Event: 7.745 GC heap after
{Heap after GC invocations=32 (full 0):
 garbage-first heap   total 208896K, used 68158K [0x0000000080000000, 0x0000000100000000)
  region size 1024K, 5 young (5120K), 5 survivors (5120K)
 Metaspace       used 86415K, committed 87040K, reserved 1179648K
  class space    used 11927K, committed 12224K, reserved 1048576K
}
Event: 8.457 GC heap before
{Heap before GC invocations=32 (full 0):
 garbage-first heap   total 208896K, used 159294K [0x0000000080000000, 0x0000000100000000)
  region size 1024K, 95 young (97280K), 5 survivors (5120K)
 Metaspace       used 93648K, committed 94272K, reserved 1179648K
  class space    used 12942K, committed 13248K, reserved 1048576K
}
Event: 8.464 GC heap after
{Heap after GC invocations=33 (full 0):
 garbage-first heap   total 208896K, used 73811K [0x0000000080000000, 0x0000000100000000)
  region size 1024K, 10 young (10240K), 10 survivors (10240K)
 Metaspace       used 93648K, committed 94272K, reserved 1179648K
  class space    used 12942K, committed 13248K, reserved 1048576K
}

