# JRE version: OpenJDK Runtime Environment (17.0.9) (build 17.0.9+0--11185874)
# Java VM: OpenJDK 64-Bit Server VM (17.0.9+0--11185874, mixed mode, tiered, compressed oops, compressed class ptrs, g1 gc, windows-amd64)
GC Precious Log:
 CPUs: 8 total, 8 available
 Memory: 16221M
 Large Page Support: Disabled
 NUMA Support: Disabled
 Compressed Oops: Enabled (32-bit)
 Heap Region Size: 1M
 Heap Min Capacity: 8M
 Heap Initial Capacity: 254M
 Heap Max Capacity: 2G
 Pre-touch: Disabled
 Parallel Workers: 8
 Concurrent Workers: 2
 Concurrent Refinement Workers: 8
 Periodic GC: Disabled
Heap:
 garbage-first heap   total 324608K, used 183825K [0x0000000080000000, 0x0000000100000000)
  region size 1024K, 6 young (6144K), 6 survivors (6144K)
 Metaspace       used 162322K, committed 163264K, reserved 1245184K
  class space    used 21013K, committed 21440K, reserved 1048576K
GC Heap History (20 events):
Event: 13.596 GC heap after
{Heap after GC invocations=52 (full 0):
 garbage-first heap   total 286720K, used 140486K [0x0000000080000000, 0x0000000100000000)
  region size 1024K, 2 young (2048K), 2 survivors (2048K)
 Metaspace       used 144858K, committed 145664K, reserved 1179648K
  class space    used 18735K, committed 19072K, reserved 1048576K
}
Event: 14.067 GC heap before
{Heap before GC invocations=52 (full 0):
 garbage-first heap   total 286720K, used 232646K [0x0000000080000000, 0x0000000100000000)
  region size 1024K, 91 young (93184K), 2 survivors (2048K)
 Metaspace       used 145593K, committed 146432K, reserved 1179648K
  class space    used 18773K, committed 19136K, reserved 1048576K
}
Event: 14.073 GC heap after
{Heap after GC invocations=53 (full 0):
 garbage-first heap   total 286720K, used 150665K [0x0000000080000000, 0x0000000100000000)
  region size 1024K, 12 young (12288K), 12 survivors (12288K)
 Metaspace       used 145593K, committed 146432K, reserved 1179648K
  class space    used 18773K, committed 19136K, reserved 1048576K
}
Event: 14.808 GC heap before
{Heap before GC invocations=53 (full 0):
 garbage-first heap   total 286720K, used 211081K [0x0000000080000000, 0x0000000100000000)
  region size 1024K, 73 young (74752K), 12 survivors (12288K)
 Metaspace       used 149983K, committed 150784K, reserved 1245184K
  class space    used 19231K, committed 19584K, reserved 1048576K
}
Event: 14.814 GC heap after
{Heap after GC invocations=54 (full 0):
 garbage-first heap   total 286720K, used 155202K [0x0000000080000000, 0x0000000100000000)
  region size 1024K, 5 young (5120K), 5 survivors (5120K)
 Metaspace       used 149983K, committed 150784K, reserved 1245184K
  class space    used 19231K, committed 19584K, reserved 1048576K
}
Event: 15.521 GC heap before
{Heap before GC invocations=55 (full 0):
 garbage-first heap   total 286720K, used 235074K [0x0000000080000000, 0x0000000100000000)
  region size 1024K, 83 young (84992K), 5 survivors (5120K)
 Metaspace       used 155525K, committed 156416K, reserved 1245184K
  class space    used 20166K, committed 20544K, reserved 1048576K
}
Event: 15.526 GC heap after
{Heap after GC invocations=56 (full 0):
 garbage-first heap   total 286720K, used 150067K [0x0000000080000000, 0x0000000100000000)
  region size 1024K, 7 young (7168K), 7 survivors (7168K)
 Metaspace       used 155525K, committed 156416K, reserved 1245184K
  class space    used 20166K, committed 20544K, reserved 1048576K
}
Event: 15.566 GC heap before
{Heap before GC invocations=56 (full 0):
 garbage-first heap   total 286720K, used 156211K [0x0000000080000000, 0x0000000100000000)
  region size 1024K, 14 young (14336K), 7 survivors (7168K)
 Metaspace       used 155864K, committed 156736K, reserved 1245184K
  class space    used 20196K, committed 20608K, reserved 1048576K
}
Event: 15.573 GC heap after
{Heap after GC invocations=57 (full 0):
 garbage-first heap   total 286720K, used 149084K [0x0000000080000000, 0x0000000100000000)
  region size 1024K, 2 young (2048K), 2 survivors (2048K)
 Metaspace       used 155864K, committed 156736K, reserved 1245184K
  class space    used 20196K, committed 20608K, reserved 1048576K
}
Event: 16.461 GC heap before
{Heap before GC invocations=57 (full 0):
 garbage-first heap   total 286720K, used 255580K [0x0000000080000000, 0x0000000100000000)
  region size 1024K, 86 young (88064K), 2 survivors (2048K)
 Metaspace       used 162290K, committed 163200K, reserved 1245184K
  class space    used 21011K, committed 21440K, reserved 1048576K
}
Event: 16.468 GC heap after
{Heap after GC invocations=58 (full 0):
 garbage-first heap   total 286720K, used 176491K [0x0000000080000000, 0x0000000100000000)
  region size 1024K, 11 young (11264K), 11 survivors (11264K)
 Metaspace       used 162290K, committed 163200K, reserved 1245184K
  class space    used 21011K, committed 21440K, reserved 1048576K
}
Event: 16.824 GC heap before
{Heap before GC invocations=58 (full 0):
 garbage-first heap   total 286720K, used 237931K [0x0000000080000000, 0x0000000100000000)
  region size 1024K, 72 young (73728K), 11 survivors (11264K)
 Metaspace       used 162313K, committed 163264K, reserved 1245184K
  class space    used 21011K, committed 21440K, reserved 1048576K
}
Event: 16.835 GC heap after
{Heap after GC invocations=59 (full 0):
 garbage-first heap   total 286720K, used 190093K [0x0000000080000000, 0x0000000100000000)
  region size 1024K, 9 young (9216K), 9 survivors (9216K)
 Metaspace       used 162313K, committed 163264K, reserved 1245184K
  class space    used 21011K, committed 21440K, reserved 1048576K
}
Event: 17.314 GC heap before
{Heap before GC invocations=59 (full 0):
 garbage-first heap   total 286720K, used 235149K [0x0000000080000000, 0x0000000100000000)
  region size 1024K, 54 young (55296K), 9 survivors (9216K)
 Metaspace       used 162320K, committed 163264K, reserved 1245184K
  class space    used 21012K, committed 21440K, reserved 1048576K
}
Event: 17.319 GC heap after
{Heap after GC invocations=60 (full 0):
 garbage-first heap   total 286720K, used 193744K [0x0000000080000000, 0x0000000100000000)
  region size 1024K, 5 young (5120K), 5 survivors (5120K)
 Metaspace       used 162320K, committed 163264K, reserved 1245184K
  class space    used 21012K, committed 21440K, reserved 1048576K
}
Event: 17.781 GC heap before
{Heap before GC invocations=61 (full 0):
 garbage-first heap   total 324608K, used 229584K [0x0000000080000000, 0x0000000100000000)
  region size 1024K, 49 young (50176K), 5 survivors (5120K)
 Metaspace       used 162322K, committed 163264K, reserved 1245184K
  class space    used 21013K, committed 21440K, reserved 1048576K
}
Event: 17.783 GC heap after
{Heap after GC invocations=62 (full 0):
 garbage-first heap   total 324608K, used 186484K [0x0000000080000000, 0x0000000100000000)
  region size 1024K, 6 young (6144K), 6 survivors (6144K)
 Metaspace       used 162322K, committed 163264K, reserved 1245184K
  class space    used 21013K, committed 21440K, reserved 1048576K
}
Event: 17.833 GC heap before
{Heap before GC invocations=62 (full 0):
 garbage-first heap   total 324608K, used 195700K [0x0000000080000000, 0x0000000100000000)
  region size 1024K, 15 young (15360K), 6 survivors (6144K)
 Metaspace       used 162322K, committed 163264K, reserved 1245184K
  class space    used 21013K, committed 21440K, reserved 1048576K
}
Event: 17.839 GC heap after
{Heap after GC invocations=63 (full 0):
 garbage-first heap   total 324608K, used 180330K [0x0000000080000000, 0x0000000100000000)
  region size 1024K, 2 young (2048K), 2 survivors (2048K)
 Metaspace       used 162322K, committed 163264K, reserved 1245184K
  class space    used 21013K, committed 21440K, reserved 1048576K
}
Event: 18.914 GC heap before
{Heap before GC invocations=63 (full 0):
 garbage-first heap   total 324608K, used 261226K [0x0000000080000000, 0x0000000100000000)
  region size 1024K, 81 young (82944K), 2 survivors (2048K)
 Metaspace       used 162322K, committed 163264K, reserved 1245184K
  class space    used 21013K, committed 21440K, reserved 1048576K
}

